  [4;36;1mSQL (0.9ms)[0m   [0;1m SELECT name
 FROM sqlite_master
 WHERE type = 'table' AND NOT name = 'sqlite_sequence'
[0m
  [4;35;1mSQL (0.5ms)[0m   [0mselect sqlite_version(*)[0m
  [4;36;1mSQL (17.5ms)[0m   [0;1mCREATE TABLE "schema_migrations" ("version" varchar(255) NOT NULL) [0m
  [4;35;1mSQL (3.1ms)[0m   [0mCREATE UNIQUE INDEX "unique_schema_migrations" ON "schema_migrations" ("version")[0m
  [4;36;1mSQL (0.5ms)[0m   [0;1m SELECT name
 FROM sqlite_master
 WHERE type = 'table' AND NOT name = 'sqlite_sequence'
[0m
  [4;35;1mSQL (0.3ms)[0m   [0mSELECT version FROM schema_migrations[0m
Migrating to CreateJudges (20081130030835)
  [4;36;1mSQL (3.1ms)[0m   [0;1mCREATE TABLE "judges" ("id" INTEGER PRIMARY KEY AUTOINCREMENT NOT NULL, "name" varchar(255), "url" varchar(255), "created_at" datetime, "updated_at" datetime) [0m
  [4;35;1mSQL (2.1ms)[0m   [0mINSERT INTO schema_migrations (version) VALUES ('20081130030835')[0m
  [4;36;1mSQL (0.6ms)[0m   [0;1m SELECT name
 FROM sqlite_master
 WHERE type = 'table' AND NOT name = 'sqlite_sequence'
[0m
  [4;35;1mSQL (4.0ms)[0m   [0mSELECT version FROM schema_migrations[0m
  [4;36;1mSQL (0.6ms)[0m   [0;1m SELECT name
 FROM sqlite_master
 WHERE type = 'table' AND NOT name = 'sqlite_sequence'
[0m
  [4;35;1mSQL (0.2ms)[0m   [0mPRAGMA index_list("judges")[0m


Processing ApplicationController#index (for 127.0.0.1 at 2008-11-29 22:20:36) [GET]


ActionController::RoutingError (No route matches "/dsafdf" with {:method=>:get}):
    /usr/lib/ruby/gems/1.8/gems/actionpack-2.2.2/lib/action_controller/routing/recognition_optimisation.rb:66:in `recognize_path'
    /usr/lib/ruby/gems/1.8/gems/actionpack-2.2.2/lib/action_controller/routing/route_set.rb:386:in `recognize'
    /usr/lib/ruby/gems/1.8/gems/actionpack-2.2.2/lib/action_controller/dispatcher.rb:182:in `handle_request'
    /usr/lib/ruby/gems/1.8/gems/actionpack-2.2.2/lib/action_controller/dispatcher.rb:110:in `dispatch_unlocked'
    /usr/lib/ruby/gems/1.8/gems/actionpack-2.2.2/lib/action_controller/dispatcher.rb:123:in `dispatch'
    /usr/lib/ruby/gems/1.8/gems/actionpack-2.2.2/lib/action_controller/dispatcher.rb:122:in `synchronize'
    /usr/lib/ruby/gems/1.8/gems/actionpack-2.2.2/lib/action_controller/dispatcher.rb:122:in `dispatch'
    /usr/lib/ruby/gems/1.8/gems/actionpack-2.2.2/lib/action_controller/dispatcher.rb:132:in `dispatch_cgi'
    /usr/lib/ruby/gems/1.8/gems/actionpack-2.2.2/lib/action_controller/dispatcher.rb:39:in `dispatch'
    /usr/lib/ruby/gems/1.8/gems/rails-2.2.2/lib/webrick_server.rb:103:in `handle_dispatch'
    /usr/lib/ruby/gems/1.8/gems/rails-2.2.2/lib/webrick_server.rb:74:in `service'
    /usr/lib/ruby/1.8/webrick/httpserver.rb:104:in `service'
    /usr/lib/ruby/1.8/webrick/httpserver.rb:65:in `run'
    /usr/lib/ruby/1.8/webrick/server.rb:173:in `start_thread'
    /usr/lib/ruby/1.8/webrick/server.rb:162:in `start'
    /usr/lib/ruby/1.8/webrick/server.rb:162:in `start_thread'
    /usr/lib/ruby/1.8/webrick/server.rb:95:in `start'
    /usr/lib/ruby/1.8/webrick/server.rb:92:in `each'
    /usr/lib/ruby/1.8/webrick/server.rb:92:in `start'
    /usr/lib/ruby/1.8/webrick/server.rb:23:in `start'
    /usr/lib/ruby/1.8/webrick/server.rb:82:in `start'
    /usr/lib/ruby/gems/1.8/gems/rails-2.2.2/lib/webrick_server.rb:60:in `dispatch'
    /usr/lib/ruby/gems/1.8/gems/rails-2.2.2/lib/commands/servers/webrick.rb:66
    /usr/local/lib/site_ruby/1.8/rubygems/custom_require.rb:31:in `gem_original_require'
    /usr/local/lib/site_ruby/1.8/rubygems/custom_require.rb:31:in `require'
    /usr/lib/ruby/gems/1.8/gems/activesupport-2.2.2/lib/active_support/dependencies.rb:153:in `require'
    /usr/lib/ruby/gems/1.8/gems/activesupport-2.2.2/lib/active_support/dependencies.rb:521:in `new_constants_in'
    /usr/lib/ruby/gems/1.8/gems/activesupport-2.2.2/lib/active_support/dependencies.rb:153:in `require'
    /usr/lib/ruby/gems/1.8/gems/rails-2.2.2/lib/commands/server.rb:49
    /usr/local/lib/site_ruby/1.8/rubygems/custom_require.rb:31:in `gem_original_require'
    /usr/local/lib/site_ruby/1.8/rubygems/custom_require.rb:31:in `require'
    script/server:3

Rendering /usr/lib/ruby/gems/1.8/gems/actionpack-2.2.2/lib/action_controller/templates/rescues/layout.erb (not_found)


Processing Rails::InfoController#properties (for 127.0.0.1 at 2008-11-29 22:21:03) [GET]
  [4;36;1mSQL (1.8ms)[0m   [0;1m SELECT name
 FROM sqlite_master
 WHERE type = 'table' AND NOT name = 'sqlite_sequence'
[0m
  [4;35;1mSQL (0.5ms)[0m   [0mSELECT version FROM schema_migrations[0m
Completed in 36ms (View: 2, DB: 2) | 200 OK [http://127.0.0.1/rails/info/properties]


Processing ApplicationController#index (for 127.0.0.1 at 2008-11-29 22:21:13) [GET]


ActionController::RoutingError (No route matches "/judge" with {:method=>:get}):
    /usr/lib/ruby/gems/1.8/gems/actionpack-2.2.2/lib/action_controller/routing/recognition_optimisation.rb:66:in `recognize_path'
    /usr/lib/ruby/gems/1.8/gems/actionpack-2.2.2/lib/action_controller/routing/route_set.rb:386:in `recognize'
    /usr/lib/ruby/gems/1.8/gems/actionpack-2.2.2/lib/action_controller/dispatcher.rb:182:in `handle_request'
    /usr/lib/ruby/gems/1.8/gems/actionpack-2.2.2/lib/action_controller/dispatcher.rb:110:in `dispatch_unlocked'
    /usr/lib/ruby/gems/1.8/gems/actionpack-2.2.2/lib/action_controller/dispatcher.rb:123:in `dispatch'
    /usr/lib/ruby/gems/1.8/gems/actionpack-2.2.2/lib/action_controller/dispatcher.rb:122:in `synchronize'
    /usr/lib/ruby/gems/1.8/gems/actionpack-2.2.2/lib/action_controller/dispatcher.rb:122:in `dispatch'
    /usr/lib/ruby/gems/1.8/gems/actionpack-2.2.2/lib/action_controller/dispatcher.rb:132:in `dispatch_cgi'
    /usr/lib/ruby/gems/1.8/gems/actionpack-2.2.2/lib/action_controller/dispatcher.rb:39:in `dispatch'
    /usr/lib/ruby/gems/1.8/gems/rails-2.2.2/lib/webrick_server.rb:103:in `handle_dispatch'
    /usr/lib/ruby/gems/1.8/gems/rails-2.2.2/lib/webrick_server.rb:74:in `service'
    /usr/lib/ruby/1.8/webrick/httpserver.rb:104:in `service'
    /usr/lib/ruby/1.8/webrick/httpserver.rb:65:in `run'
    /usr/lib/ruby/1.8/webrick/server.rb:173:in `start_thread'
    /usr/lib/ruby/1.8/webrick/server.rb:162:in `start'
    /usr/lib/ruby/1.8/webrick/server.rb:162:in `start_thread'
    /usr/lib/ruby/1.8/webrick/server.rb:95:in `start'
    /usr/lib/ruby/1.8/webrick/server.rb:92:in `each'
    /usr/lib/ruby/1.8/webrick/server.rb:92:in `start'
    /usr/lib/ruby/1.8/webrick/server.rb:23:in `start'
    /usr/lib/ruby/1.8/webrick/server.rb:82:in `start'
    /usr/lib/ruby/gems/1.8/gems/rails-2.2.2/lib/webrick_server.rb:60:in `dispatch'
    /usr/lib/ruby/gems/1.8/gems/rails-2.2.2/lib/commands/servers/webrick.rb:66
    /usr/local/lib/site_ruby/1.8/rubygems/custom_require.rb:31:in `gem_original_require'
    /usr/local/lib/site_ruby/1.8/rubygems/custom_require.rb:31:in `require'
    /usr/lib/ruby/gems/1.8/gems/activesupport-2.2.2/lib/active_support/dependencies.rb:153:in `require'
    /usr/lib/ruby/gems/1.8/gems/activesupport-2.2.2/lib/active_support/dependencies.rb:521:in `new_constants_in'
    /usr/lib/ruby/gems/1.8/gems/activesupport-2.2.2/lib/active_support/dependencies.rb:153:in `require'
    /usr/lib/ruby/gems/1.8/gems/rails-2.2.2/lib/commands/server.rb:49
    /usr/local/lib/site_ruby/1.8/rubygems/custom_require.rb:31:in `gem_original_require'
    /usr/local/lib/site_ruby/1.8/rubygems/custom_require.rb:31:in `require'
    script/server:3

Rendering /usr/lib/ruby/gems/1.8/gems/actionpack-2.2.2/lib/action_controller/templates/rescues/layout.erb (not_found)


Processing JudgesController#index (for 127.0.0.1 at 2008-11-29 22:21:14) [GET]
  [4;36;1mJudge Load (0.6ms)[0m   [0;1mSELECT * FROM "judges" [0m
Rendering template within layouts/application
Rendering judges/index
Completed in 19ms (View: 9, DB: 1) | 200 OK [http://127.0.0.1/judges]


Processing JudgesController#index (for 127.0.0.1 at 2008-11-29 22:24:37) [GET]
  [4;35;1mJudge Load (0.6ms)[0m   [0mSELECT * FROM "judges" [0m
Rendering template within layouts/application
Rendering judges/index
Completed in 17ms (View: 7, DB: 1) | 200 OK [http://127.0.0.1/judges]


Processing JudgesController#new (for 127.0.0.1 at 2008-11-29 22:24:38) [GET]
Rendering template within layouts/application
Rendering judges/new
Rendered judges/_form (6.7ms)
Completed in 28ms (View: 16, DB: 0) | 200 OK [http://127.0.0.1/judges/new]


Processing JudgesController#new (for 127.0.0.1 at 2008-11-29 22:24:45) [GET]
Rendering template within layouts/application
Rendering judges/new
Rendered judges/_form (4.4ms)
Completed in 25ms (View: 14, DB: 0) | 200 OK [http://127.0.0.1/judges/new]


Processing JudgesController#create (for 127.0.0.1 at 2008-11-29 22:24:58) [POST]
  Parameters: {"commit"=>"Submit", "authenticity_token"=>"37b7a86677e75b7520532653b1b934a43ac07f8f", "judge"=>{"name"=>"UVa Online Judge", "url"=>"http://icpcres.ecs.baylor.edu/onlinejudge/"}}
  [4;36;1mJudge Create (0.8ms)[0m   [0;1mINSERT INTO "judges" ("name", "updated_at", "url", "created_at") VALUES('UVa Online Judge', '2008-11-30 03:24:58', 'http://icpcres.ecs.baylor.edu/onlinejudge/', '2008-11-30 03:24:58')[0m
Redirected to #<Judge:0xb6f2c194>
Completed in 72ms (DB: 1) | 302 Found [http://127.0.0.1/judges]


Processing JudgesController#show (for 127.0.0.1 at 2008-11-29 22:24:59) [GET]
  Parameters: {"id"=>"1"}
  [4;35;1mJudge Load (0.7ms)[0m   [0mSELECT * FROM "judges" WHERE ("judges"."id" = 1) [0m
Rendering template within layouts/application
Rendering judges/show
Completed in 26ms (View: 11, DB: 1) | 200 OK [http://127.0.0.1/judges/1]


Processing JudgesController#index (for 127.0.0.1 at 2008-11-29 22:25:03) [GET]
  [4;36;1mJudge Load (1.0ms)[0m   [0;1mSELECT * FROM "judges" [0m
Rendering template within layouts/application
Rendering judges/index
Completed in 24ms (View: 14, DB: 1) | 200 OK [http://127.0.0.1/judges]


Processing JudgesController#index (for 127.0.0.1 at 2008-11-29 22:25:13) [GET]
  [4;35;1mJudge Load (1.0ms)[0m   [0mSELECT * FROM "judges" [0m
Rendering template within layouts/application
Rendering judges/index
Completed in 24ms (View: 13, DB: 1) | 200 OK [http://127.0.0.1/judges]


Processing JudgesController#index (for 127.0.0.1 at 2008-11-29 22:27:46) [GET]
  [4;36;1mJudge Load (1.0ms)[0m   [0;1mSELECT * FROM "judges" [0m
Rendering template within layouts/application
Rendering judges/index
Completed in 24ms (View: 13, DB: 1) | 200 OK [http://127.0.0.1/judges]


Processing JudgesController#index (for 127.0.0.1 at 2008-11-29 22:28:02) [GET]
  [4;35;1mJudge Load (0.9ms)[0m   [0mSELECT * FROM "judges" [0m
Rendering template within layouts/application
Rendering judges/index
Completed in 24ms (View: 14, DB: 1) | 200 OK [http://127.0.0.1/judges]


Processing ApplicationController#index (for 127.0.0.1 at 2008-11-29 22:28:21) [GET]
  Parameters: {"1228015681"=>nil}


ActionController::RoutingError (No route matches "/application.css" with {:method=>:get}):
    /usr/lib/ruby/gems/1.8/gems/actionpack-2.2.2/lib/action_controller/routing/recognition_optimisation.rb:66:in `recognize_path'
    /usr/lib/ruby/gems/1.8/gems/actionpack-2.2.2/lib/action_controller/routing/route_set.rb:386:in `recognize'
    /usr/lib/ruby/gems/1.8/gems/actionpack-2.2.2/lib/action_controller/dispatcher.rb:182:in `handle_request'
    /usr/lib/ruby/gems/1.8/gems/actionpack-2.2.2/lib/action_controller/dispatcher.rb:110:in `dispatch_unlocked'
    /usr/lib/ruby/gems/1.8/gems/actionpack-2.2.2/lib/action_controller/dispatcher.rb:123:in `dispatch'
    /usr/lib/ruby/gems/1.8/gems/actionpack-2.2.2/lib/action_controller/dispatcher.rb:122:in `synchronize'
    /usr/lib/ruby/gems/1.8/gems/actionpack-2.2.2/lib/action_controller/dispatcher.rb:122:in `dispatch'
    /usr/lib/ruby/gems/1.8/gems/actionpack-2.2.2/lib/action_controller/dispatcher.rb:132:in `dispatch_cgi'
    /usr/lib/ruby/gems/1.8/gems/actionpack-2.2.2/lib/action_controller/dispatcher.rb:39:in `dispatch'
    /usr/lib/ruby/gems/1.8/gems/rails-2.2.2/lib/webrick_server.rb:103:in `handle_dispatch'
    /usr/lib/ruby/gems/1.8/gems/rails-2.2.2/lib/webrick_server.rb:74:in `service'
    /usr/lib/ruby/1.8/webrick/httpserver.rb:104:in `service'
    /usr/lib/ruby/1.8/webrick/httpserver.rb:65:in `run'
    /usr/lib/ruby/1.8/webrick/server.rb:173:in `start_thread'
    /usr/lib/ruby/1.8/webrick/server.rb:162:in `start'
    /usr/lib/ruby/1.8/webrick/server.rb:162:in `start_thread'
    /usr/lib/ruby/1.8/webrick/server.rb:95:in `start'
    /usr/lib/ruby/1.8/webrick/server.rb:92:in `each'
    /usr/lib/ruby/1.8/webrick/server.rb:92:in `start'
    /usr/lib/ruby/1.8/webrick/server.rb:23:in `start'
    /usr/lib/ruby/1.8/webrick/server.rb:82:in `start'
    /usr/lib/ruby/gems/1.8/gems/rails-2.2.2/lib/webrick_server.rb:60:in `dispatch'
    /usr/lib/ruby/gems/1.8/gems/rails-2.2.2/lib/commands/servers/webrick.rb:66
    /usr/local/lib/site_ruby/1.8/rubygems/custom_require.rb:31:in `gem_original_require'
    /usr/local/lib/site_ruby/1.8/rubygems/custom_require.rb:31:in `require'
    /usr/lib/ruby/gems/1.8/gems/activesupport-2.2.2/lib/active_support/dependencies.rb:153:in `require'
    /usr/lib/ruby/gems/1.8/gems/activesupport-2.2.2/lib/active_support/dependencies.rb:521:in `new_constants_in'
    /usr/lib/ruby/gems/1.8/gems/activesupport-2.2.2/lib/active_support/dependencies.rb:153:in `require'
    /usr/lib/ruby/gems/1.8/gems/rails-2.2.2/lib/commands/server.rb:49
    /usr/local/lib/site_ruby/1.8/rubygems/custom_require.rb:31:in `gem_original_require'
    /usr/local/lib/site_ruby/1.8/rubygems/custom_require.rb:31:in `require'
    script/server:3

Rendering /usr/lib/ruby/gems/1.8/gems/actionpack-2.2.2/lib/action_controller/templates/rescues/layout.erb (not_found)


Processing ApplicationController#index (for 127.0.0.1 at 2008-11-29 22:28:28) [GET]
  Parameters: {"1228015681"=>nil}


ActionController::RoutingError (No route matches "/public/application.css" with {:method=>:get}):
    /usr/lib/ruby/gems/1.8/gems/actionpack-2.2.2/lib/action_controller/routing/recognition_optimisation.rb:66:in `recognize_path'
    /usr/lib/ruby/gems/1.8/gems/actionpack-2.2.2/lib/action_controller/routing/route_set.rb:386:in `recognize'
    /usr/lib/ruby/gems/1.8/gems/actionpack-2.2.2/lib/action_controller/dispatcher.rb:182:in `handle_request'
    /usr/lib/ruby/gems/1.8/gems/actionpack-2.2.2/lib/action_controller/dispatcher.rb:110:in `dispatch_unlocked'
    /usr/lib/ruby/gems/1.8/gems/actionpack-2.2.2/lib/action_controller/dispatcher.rb:123:in `dispatch'
    /usr/lib/ruby/gems/1.8/gems/actionpack-2.2.2/lib/action_controller/dispatcher.rb:122:in `synchronize'
    /usr/lib/ruby/gems/1.8/gems/actionpack-2.2.2/lib/action_controller/dispatcher.rb:122:in `dispatch'
    /usr/lib/ruby/gems/1.8/gems/actionpack-2.2.2/lib/action_controller/dispatcher.rb:132:in `dispatch_cgi'
    /usr/lib/ruby/gems/1.8/gems/actionpack-2.2.2/lib/action_controller/dispatcher.rb:39:in `dispatch'
    /usr/lib/ruby/gems/1.8/gems/rails-2.2.2/lib/webrick_server.rb:103:in `handle_dispatch'
    /usr/lib/ruby/gems/1.8/gems/rails-2.2.2/lib/webrick_server.rb:74:in `service'
    /usr/lib/ruby/1.8/webrick/httpserver.rb:104:in `service'
    /usr/lib/ruby/1.8/webrick/httpserver.rb:65:in `run'
    /usr/lib/ruby/1.8/webrick/server.rb:173:in `start_thread'
    /usr/lib/ruby/1.8/webrick/server.rb:162:in `start'
    /usr/lib/ruby/1.8/webrick/server.rb:162:in `start_thread'
    /usr/lib/ruby/1.8/webrick/server.rb:95:in `start'
    /usr/lib/ruby/1.8/webrick/server.rb:92:in `each'
    /usr/lib/ruby/1.8/webrick/server.rb:92:in `start'
    /usr/lib/ruby/1.8/webrick/server.rb:23:in `start'
    /usr/lib/ruby/1.8/webrick/server.rb:82:in `start'
    /usr/lib/ruby/gems/1.8/gems/rails-2.2.2/lib/webrick_server.rb:60:in `dispatch'
    /usr/lib/ruby/gems/1.8/gems/rails-2.2.2/lib/commands/servers/webrick.rb:66
    /usr/local/lib/site_ruby/1.8/rubygems/custom_require.rb:31:in `gem_original_require'
    /usr/local/lib/site_ruby/1.8/rubygems/custom_require.rb:31:in `require'
    /usr/lib/ruby/gems/1.8/gems/activesupport-2.2.2/lib/active_support/dependencies.rb:153:in `require'
    /usr/lib/ruby/gems/1.8/gems/activesupport-2.2.2/lib/active_support/dependencies.rb:521:in `new_constants_in'
    /usr/lib/ruby/gems/1.8/gems/activesupport-2.2.2/lib/active_support/dependencies.rb:153:in `require'
    /usr/lib/ruby/gems/1.8/gems/rails-2.2.2/lib/commands/server.rb:49
    /usr/local/lib/site_ruby/1.8/rubygems/custom_require.rb:31:in `gem_original_require'
    /usr/local/lib/site_ruby/1.8/rubygems/custom_require.rb:31:in `require'
    script/server:3

Rendering /usr/lib/ruby/gems/1.8/gems/actionpack-2.2.2/lib/action_controller/templates/rescues/layout.erb (not_found)


Processing JudgesController#index (for 127.0.0.1 at 2008-11-29 22:29:13) [GET]
  [4;36;1mJudge Load (0.9ms)[0m   [0;1mSELECT * FROM "judges" [0m
Rendering template within layouts/application
Rendering judges/index
Completed in 24ms (View: 13, DB: 1) | 200 OK [http://127.0.0.1/judges]


Processing JudgesController#index (for 127.0.0.1 at 2008-11-29 22:30:14) [GET]
  [4;35;1mJudge Load (1.0ms)[0m   [0mSELECT * FROM "judges" [0m
Rendering template within layouts/application
Rendering judges/index
Completed in 32ms (View: 14, DB: 1) | 200 OK [http://127.0.0.1/judges]


Processing JudgesController#index (for 127.0.0.1 at 2008-11-29 22:33:38) [GET]
  [4;36;1mJudge Load (1.0ms)[0m   [0;1mSELECT * FROM "judges" [0m
Rendering template within layouts/application
Rendering judges/index
Completed in 24ms (View: 13, DB: 1) | 200 OK [http://127.0.0.1/judges]


Processing JudgesController#index (for 127.0.0.1 at 2008-11-29 22:33:59) [GET]
  [4;35;1mJudge Load (1.0ms)[0m   [0mSELECT * FROM "judges" [0m
Rendering template within layouts/application
Rendering judges/index
Completed in 24ms (View: 14, DB: 1) | 200 OK [http://127.0.0.1/judges]


Processing JudgesController#index (for 127.0.0.1 at 2008-11-29 22:34:28) [GET]
  [4;36;1mJudge Load (1.0ms)[0m   [0;1mSELECT * FROM "judges" [0m
Rendering template within layouts/application
Rendering judges/index
Completed in 24ms (View: 13, DB: 1) | 200 OK [http://127.0.0.1/judges]


Processing JudgesController#index (for 127.0.0.1 at 2008-11-29 22:34:29) [GET]
  [4;35;1mJudge Load (0.9ms)[0m   [0mSELECT * FROM "judges" [0m
Rendering template within layouts/application
Rendering judges/index
Completed in 23ms (View: 13, DB: 1) | 200 OK [http://127.0.0.1/judges]


Processing JudgesController#index (for 127.0.0.1 at 2008-11-29 22:35:02) [GET]
  [4;36;1mJudge Load (1.0ms)[0m   [0;1mSELECT * FROM "judges" [0m
Rendering template within layouts/application
Rendering judges/index
Completed in 24ms (View: 13, DB: 1) | 200 OK [http://127.0.0.1/judges]


Processing JudgesController#index (for 127.0.0.1 at 2008-11-29 22:35:50) [GET]
  [4;35;1mJudge Load (1.0ms)[0m   [0mSELECT * FROM "judges" [0m
Rendering template within layouts/application
Rendering judges/index
Completed in 23ms (View: 13, DB: 1) | 200 OK [http://127.0.0.1/judges]


Processing JudgesController#index (for 127.0.0.1 at 2008-11-29 22:36:36) [GET]
  [4;36;1mJudge Load (1.0ms)[0m   [0;1mSELECT * FROM "judges" [0m
Rendering template within layouts/application
Rendering judges/index
Completed in 26ms (View: 14, DB: 1) | 200 OK [http://127.0.0.1/judges]


Processing JudgesController#index (for 127.0.0.1 at 2008-11-29 22:37:29) [GET]
  [4;35;1mJudge Load (1.0ms)[0m   [0mSELECT * FROM "judges" [0m
Rendering template within layouts/application
Rendering judges/index
Completed in 24ms (View: 13, DB: 1) | 200 OK [http://127.0.0.1/judges]


Processing JudgesController#index (for 127.0.0.1 at 2008-11-29 22:37:49) [GET]
  [4;36;1mJudge Load (1.0ms)[0m   [0;1mSELECT * FROM "judges" [0m
Rendering template within layouts/application
Rendering judges/index
Completed in 29ms (View: 16, DB: 1) | 200 OK [http://127.0.0.1/judges]


Processing JudgesController#index (for 127.0.0.1 at 2008-11-29 22:38:09) [GET]
  [4;35;1mJudge Load (1.0ms)[0m   [0mSELECT * FROM "judges" [0m
Rendering template within layouts/application
Rendering judges/index
Completed in 24ms (View: 14, DB: 1) | 200 OK [http://127.0.0.1/judges]


Processing JudgesController#index (for 127.0.0.1 at 2008-11-29 22:38:39) [GET]
  [4;36;1mJudge Load (1.0ms)[0m   [0;1mSELECT * FROM "judges" [0m
Rendering template within layouts/application
Rendering judges/index
Completed in 26ms (View: 15, DB: 1) | 200 OK [http://127.0.0.1/judges]


Processing JudgesController#index (for 127.0.0.1 at 2008-11-29 22:38:50) [GET]
  [4;35;1mJudge Load (0.9ms)[0m   [0mSELECT * FROM "judges" [0m
Rendering template within layouts/application
Rendering judges/index
Completed in 23ms (View: 13, DB: 1) | 200 OK [http://127.0.0.1/judges]


Processing JudgesController#index (for 127.0.0.1 at 2008-11-29 22:38:52) [GET]
  [4;36;1mJudge Load (1.0ms)[0m   [0;1mSELECT * FROM "judges" [0m
Rendering template within layouts/application
Rendering judges/index
Completed in 26ms (View: 14, DB: 1) | 200 OK [http://127.0.0.1/judges]


Processing JudgesController#index (for 127.0.0.1 at 2008-11-29 22:39:28) [GET]
  [4;35;1mJudge Load (1.0ms)[0m   [0mSELECT * FROM "judges" [0m
Rendering template within layouts/application
Rendering judges/index
Completed in 25ms (View: 14, DB: 1) | 200 OK [http://127.0.0.1/judges]


Processing JudgesController#index (for 127.0.0.1 at 2008-11-29 22:39:44) [GET]
  [4;36;1mJudge Load (1.0ms)[0m   [0;1mSELECT * FROM "judges" [0m
Rendering template within layouts/application
Rendering judges/index
Completed in 25ms (View: 14, DB: 1) | 200 OK [http://127.0.0.1/judges]


Processing JudgesController#index (for 127.0.0.1 at 2008-11-29 22:39:51) [GET]
  [4;35;1mJudge Load (1.0ms)[0m   [0mSELECT * FROM "judges" [0m
Rendering template within layouts/application
Rendering judges/index
Completed in 26ms (View: 15, DB: 1) | 200 OK [http://127.0.0.1/judges]


Processing JudgesController#index (for 127.0.0.1 at 2008-11-29 22:40:00) [GET]
  [4;36;1mJudge Load (1.0ms)[0m   [0;1mSELECT * FROM "judges" [0m
Rendering template within layouts/application
Rendering judges/index
Completed in 25ms (View: 15, DB: 1) | 200 OK [http://127.0.0.1/judges]


Processing JudgesController#index (for 127.0.0.1 at 2008-11-29 22:41:06) [GET]
  [4;35;1mJudge Load (1.0ms)[0m   [0mSELECT * FROM "judges" [0m
Rendering template within layouts/application
Rendering judges/index
Completed in 24ms (View: 13, DB: 1) | 200 OK [http://127.0.0.1/judges]


Processing JudgesController#index (for 127.0.0.1 at 2008-11-29 22:41:53) [GET]
  [4;36;1mJudge Load (1.1ms)[0m   [0;1mSELECT * FROM "judges" [0m
Rendering template within layouts/application
Rendering judges/index
Completed in 23ms (View: 13, DB: 1) | 200 OK [http://127.0.0.1/judges]


Processing JudgesController#index (for 127.0.0.1 at 2008-11-29 22:41:55) [GET]
  [4;35;1mJudge Load (1.0ms)[0m   [0mSELECT * FROM "judges" [0m
Rendering template within layouts/application
Rendering judges/index
Completed in 130ms (View: 118, DB: 1) | 200 OK [http://127.0.0.1/judges]


Processing JudgesController#index (for 127.0.0.1 at 2008-11-29 22:42:00) [GET]
  [4;36;1mJudge Load (1.7ms)[0m   [0;1mSELECT * FROM "judges" [0m
Rendering template within layouts/application
Rendering judges/index
Completed in 25ms (View: 14, DB: 2) | 200 OK [http://127.0.0.1/judges]


Processing JudgesController#index (for 127.0.0.1 at 2008-11-29 22:42:07) [GET]
  [4;35;1mJudge Load (1.0ms)[0m   [0mSELECT * FROM "judges" [0m
Rendering template within layouts/application
Rendering judges/index
Completed in 24ms (View: 13, DB: 1) | 200 OK [http://127.0.0.1/judges]


Processing JudgesController#show (for 127.0.0.1 at 2008-11-29 22:42:32) [GET]
  Parameters: {"id"=>"1"}
  [4;36;1mJudge Load (0.7ms)[0m   [0;1mSELECT * FROM "judges" WHERE ("judges"."id" = 1) [0m
Rendering template within layouts/application
Rendering judges/show
Completed in 24ms (View: 10, DB: 1) | 200 OK [http://127.0.0.1/judges/1]


Processing JudgesController#edit (for 127.0.0.1 at 2008-11-29 22:42:35) [GET]
  Parameters: {"id"=>"1"}
  [4;35;1mJudge Load (2.2ms)[0m   [0mSELECT * FROM "judges" WHERE ("judges"."id" = 1) [0m
Rendering template within layouts/application
Rendering judges/edit
Rendered judges/_form (7.3ms)
Completed in 36ms (View: 18, DB: 2) | 200 OK [http://127.0.0.1/judges/1/edit]


Processing JudgesController#edit (for 127.0.0.1 at 2008-11-29 22:43:17) [GET]
  Parameters: {"id"=>"1"}
  [4;36;1mJudge Load (0.7ms)[0m   [0;1mSELECT * FROM "judges" WHERE ("judges"."id" = 1) [0m
Rendering template within layouts/application
Rendering judges/edit
Rendered judges/_form (5.3ms)
Completed in 28ms (View: 15, DB: 1) | 200 OK [http://127.0.0.1/judges/1/edit]


Processing JudgesController#index (for 127.0.0.1 at 2008-11-29 22:43:46) [GET]
  [4;35;1mJudge Load (0.9ms)[0m   [0mSELECT * FROM "judges" [0m
Rendering template within layouts/application
Rendering judges/index
Completed in 25ms (View: 13, DB: 1) | 200 OK [http://127.0.0.1/judges]


Processing JudgesController#index (for 127.0.0.1 at 2008-11-29 22:43:55) [GET]
  [4;36;1mJudge Load (1.0ms)[0m   [0;1mSELECT * FROM "judges" [0m
Rendering template within layouts/application
Rendering judges/index
Completed in 26ms (View: 14, DB: 1) | 200 OK [http://127.0.0.1/judges]


Processing JudgesController#index (for 127.0.0.1 at 2008-11-29 22:44:18) [GET]
  [4;35;1mJudge Load (1.0ms)[0m   [0mSELECT * FROM "judges" [0m
Rendering template within layouts/application
Rendering judges/index
Completed in 24ms (View: 13, DB: 1) | 200 OK [http://127.0.0.1/judges]


Processing JudgesController#index (for 127.0.0.1 at 2008-11-29 22:44:25) [GET]
  [4;36;1mJudge Load (1.0ms)[0m   [0;1mSELECT * FROM "judges" [0m
Rendering template within layouts/application
Rendering judges/index
Completed in 24ms (View: 14, DB: 1) | 200 OK [http://127.0.0.1/judges]


Processing JudgesController#index (for 127.0.0.1 at 2008-11-29 22:44:38) [GET]
  [4;35;1mJudge Load (1.0ms)[0m   [0mSELECT * FROM "judges" [0m
Rendering template within layouts/application
Rendering judges/index
Completed in 31ms (View: 18, DB: 1) | 200 OK [http://127.0.0.1/judges]


Processing JudgesController#index (for 127.0.0.1 at 2008-11-29 22:44:46) [GET]
  [4;36;1mJudge Load (1.1ms)[0m   [0;1mSELECT * FROM "judges" [0m
Rendering template within layouts/application
Rendering judges/index
Completed in 23ms (View: 13, DB: 1) | 200 OK [http://127.0.0.1/judges]


Processing JudgesController#new (for 127.0.0.1 at 2008-11-29 22:45:23) [GET]
Rendering template within layouts/application
Rendering judges/new
Rendered judges/_form (4.4ms)
Completed in 24ms (View: 13, DB: 0) | 200 OK [http://127.0.0.1/judges/new]


Processing JudgesController#create (for 127.0.0.1 at 2008-11-29 22:45:31) [POST]
  Parameters: {"commit"=>"Submit", "authenticity_token"=>"37b7a86677e75b7520532653b1b934a43ac07f8f", "judge"=>{"name"=>"TopCoder", "url"=>"http://topcoder.com/tc"}}
  [4;35;1mJudge Create (0.5ms)[0m   [0mINSERT INTO "judges" ("name", "updated_at", "url", "created_at") VALUES('TopCoder', '2008-11-30 03:45:31', 'http://topcoder.com/tc', '2008-11-30 03:45:31')[0m
Redirected to #<Judge:0xb6efce80>
Completed in 28ms (DB: 0) | 302 Found [http://127.0.0.1/judges]


Processing JudgesController#show (for 127.0.0.1 at 2008-11-29 22:45:31) [GET]
  Parameters: {"id"=>"2"}
  [4;36;1mJudge Load (0.7ms)[0m   [0;1mSELECT * FROM "judges" WHERE ("judges"."id" = 2) [0m
Rendering template within layouts/application
Rendering judges/show
Completed in 32ms (View: 15, DB: 1) | 200 OK [http://127.0.0.1/judges/2]


Processing JudgesController#index (for 127.0.0.1 at 2008-11-29 22:45:34) [GET]
  [4;35;1mJudge Load (1.4ms)[0m   [0mSELECT * FROM "judges" [0m
Rendering template within layouts/application
Rendering judges/index
Completed in 26ms (View: 15, DB: 1) | 200 OK [http://127.0.0.1/judges]


Processing JudgesController#index (for 127.0.0.1 at 2008-11-29 22:45:53) [GET]
  [4;36;1mJudge Load (1.2ms)[0m   [0;1mSELECT * FROM "judges" [0m
Rendering template within layouts/application
Rendering judges/index
Completed in 25ms (View: 14, DB: 1) | 200 OK [http://127.0.0.1/judges]


Processing JudgesController#index (for 127.0.0.1 at 2008-11-29 22:46:00) [GET]
  [4;35;1mJudge Load (1.2ms)[0m   [0mSELECT * FROM "judges" [0m
Rendering template within layouts/application
Rendering judges/index
Completed in 25ms (View: 15, DB: 1) | 200 OK [http://127.0.0.1/judges]


Processing JudgesController#index (for 127.0.0.1 at 2008-11-29 22:51:16) [GET]
  [4;36;1mJudge Load (1.2ms)[0m   [0;1mSELECT * FROM "judges" [0m
Rendering template within layouts/application
Rendering judges/index
Completed in 27ms (View: 16, DB: 1) | 200 OK [http://127.0.0.1/judges]


Processing JudgesController#index (for 127.0.0.1 at 2008-11-29 22:51:41) [GET]
  [4;35;1mJudge Load (1.1ms)[0m   [0mSELECT * FROM "judges" [0m
Rendering template within layouts/application
Rendering judges/index
Completed in 25ms (View: 15, DB: 1) | 200 OK [http://127.0.0.1/judges]


Processing JudgesController#index (for 127.0.0.1 at 2008-11-29 22:58:22) [GET]
  [4;36;1mJudge Load (1.2ms)[0m   [0;1mSELECT * FROM "judges" [0m
Rendering template within layouts/application
Rendering judges/index
Completed in 26ms (View: 15, DB: 1) | 200 OK [http://127.0.0.1/judges]


Processing ApplicationController#index (for 127.0.0.1 at 2008-11-29 22:58:22) [GET]


ActionController::RoutingError (No route matches "/images/icons/world.png" with {:method=>:get}):
    /usr/lib/ruby/gems/1.8/gems/actionpack-2.2.2/lib/action_controller/routing/recognition_optimisation.rb:66:in `recognize_path'
    /usr/lib/ruby/gems/1.8/gems/actionpack-2.2.2/lib/action_controller/routing/route_set.rb:386:in `recognize'
    /usr/lib/ruby/gems/1.8/gems/actionpack-2.2.2/lib/action_controller/dispatcher.rb:182:in `handle_request'
    /usr/lib/ruby/gems/1.8/gems/actionpack-2.2.2/lib/action_controller/dispatcher.rb:110:in `dispatch_unlocked'
    /usr/lib/ruby/gems/1.8/gems/actionpack-2.2.2/lib/action_controller/dispatcher.rb:123:in `dispatch'
    /usr/lib/ruby/gems/1.8/gems/actionpack-2.2.2/lib/action_controller/dispatcher.rb:122:in `synchronize'
    /usr/lib/ruby/gems/1.8/gems/actionpack-2.2.2/lib/action_controller/dispatcher.rb:122:in `dispatch'
    /usr/lib/ruby/gems/1.8/gems/actionpack-2.2.2/lib/action_controller/dispatcher.rb:132:in `dispatch_cgi'
    /usr/lib/ruby/gems/1.8/gems/actionpack-2.2.2/lib/action_controller/dispatcher.rb:39:in `dispatch'
    /usr/lib/ruby/gems/1.8/gems/rails-2.2.2/lib/webrick_server.rb:103:in `handle_dispatch'
    /usr/lib/ruby/gems/1.8/gems/rails-2.2.2/lib/webrick_server.rb:74:in `service'
    /usr/lib/ruby/1.8/webrick/httpserver.rb:104:in `service'
    /usr/lib/ruby/1.8/webrick/httpserver.rb:65:in `run'
    /usr/lib/ruby/1.8/webrick/server.rb:173:in `start_thread'
    /usr/lib/ruby/1.8/webrick/server.rb:162:in `start'
    /usr/lib/ruby/1.8/webrick/server.rb:162:in `start_thread'
    /usr/lib/ruby/1.8/webrick/server.rb:95:in `start'
    /usr/lib/ruby/1.8/webrick/server.rb:92:in `each'
    /usr/lib/ruby/1.8/webrick/server.rb:92:in `start'
    /usr/lib/ruby/1.8/webrick/server.rb:23:in `start'
    /usr/lib/ruby/1.8/webrick/server.rb:82:in `start'
    /usr/lib/ruby/gems/1.8/gems/rails-2.2.2/lib/webrick_server.rb:60:in `dispatch'
    /usr/lib/ruby/gems/1.8/gems/rails-2.2.2/lib/commands/servers/webrick.rb:66
    /usr/local/lib/site_ruby/1.8/rubygems/custom_require.rb:31:in `gem_original_require'
    /usr/local/lib/site_ruby/1.8/rubygems/custom_require.rb:31:in `require'
    /usr/lib/ruby/gems/1.8/gems/activesupport-2.2.2/lib/active_support/dependencies.rb:153:in `require'
    /usr/lib/ruby/gems/1.8/gems/activesupport-2.2.2/lib/active_support/dependencies.rb:521:in `new_constants_in'
    /usr/lib/ruby/gems/1.8/gems/activesupport-2.2.2/lib/active_support/dependencies.rb:153:in `require'
    /usr/lib/ruby/gems/1.8/gems/rails-2.2.2/lib/commands/server.rb:49
    /usr/local/lib/site_ruby/1.8/rubygems/custom_require.rb:31:in `gem_original_require'
    /usr/local/lib/site_ruby/1.8/rubygems/custom_require.rb:31:in `require'
    script/server:3

Rendering /usr/lib/ruby/gems/1.8/gems/actionpack-2.2.2/lib/action_controller/templates/rescues/layout.erb (not_found)


Processing JudgesController#index (for 127.0.0.1 at 2008-11-29 22:59:56) [GET]
  [4;35;1mJudge Load (1.2ms)[0m   [0mSELECT * FROM "judges" [0m
Rendering template within layouts/application
Rendering judges/index
Completed in 27ms (View: 16, DB: 1) | 200 OK [http://127.0.0.1/judges]


Processing JudgesController#index (for 127.0.0.1 at 2008-11-29 23:00:20) [GET]
  [4;36;1mJudge Load (1.2ms)[0m   [0;1mSELECT * FROM "judges" [0m
Rendering template within layouts/application
Rendering judges/index


ActionView::TemplateError (undefined local variable or method `alt' for #<ActionView::Base:0xb70ec100>) on line #7 of app/views/judges/index.html.erb:
4: <div class="judge">
5:   <h3> <%= link_to judge.name, judge %> </h3>
6: 
7:   <%= link_to image_tag("icons/world.png", alt => "Go to judge site"), judge.url %>
8: 
9:   <div class="actions">
10:       <%= link_to "Edit", edit_judge_path(judge) %> |

    app/views/judges/index.html.erb:7
    app/views/judges/index.html.erb:3:in `each'
    app/views/judges/index.html.erb:3
    /usr/lib/ruby/gems/1.8/gems/actionpack-2.2.2/lib/action_view/renderable.rb:39:in `send'
    /usr/lib/ruby/gems/1.8/gems/actionpack-2.2.2/lib/action_view/renderable.rb:39:in `render'
    /usr/lib/ruby/gems/1.8/gems/actionpack-2.2.2/lib/action_view/template.rb:73:in `render_template'
    /usr/lib/ruby/gems/1.8/gems/actionpack-2.2.2/lib/action_view/base.rb:256:in `render'
    /usr/lib/ruby/gems/1.8/gems/actionpack-2.2.2/lib/action_view/base.rb:367:in `_render_with_layout'
    /usr/lib/ruby/gems/1.8/gems/actionpack-2.2.2/lib/action_view/base.rb:254:in `render'
    /usr/lib/ruby/gems/1.8/gems/actionpack-2.2.2/lib/action_controller/base.rb:1174:in `render_for_file'
    /usr/lib/ruby/gems/1.8/gems/actionpack-2.2.2/lib/action_controller/base.rb:896:in `render_without_benchmark'
    /usr/lib/ruby/gems/1.8/gems/actionpack-2.2.2/lib/action_controller/benchmarking.rb:51:in `render'
    /usr/lib/ruby/gems/1.8/gems/activesupport-2.2.2/lib/active_support/core_ext/benchmark.rb:8:in `realtime'
    /usr/lib/ruby/gems/1.8/gems/actionpack-2.2.2/lib/action_controller/benchmarking.rb:51:in `render'
    /usr/lib/ruby/gems/1.8/gems/actionpack-2.2.2/lib/action_controller/base.rb:868:in `render_without_benchmark'
    /usr/lib/ruby/gems/1.8/gems/actionpack-2.2.2/lib/action_controller/benchmarking.rb:51:in `render'
    /usr/lib/ruby/gems/1.8/gems/activesupport-2.2.2/lib/active_support/core_ext/benchmark.rb:8:in `realtime'
    /usr/lib/ruby/gems/1.8/gems/actionpack-2.2.2/lib/action_controller/benchmarking.rb:51:in `render'
    /usr/lib/ruby/gems/1.8/gems/actionpack-2.2.2/lib/action_controller/base.rb:1248:in `default_render'
    /usr/lib/ruby/gems/1.8/gems/actionpack-2.2.2/lib/action_controller/base.rb:1254:in `perform_action_without_filters'
    /usr/lib/ruby/gems/1.8/gems/actionpack-2.2.2/lib/action_controller/filters.rb:617:in `call_filters'
    /usr/lib/ruby/gems/1.8/gems/actionpack-2.2.2/lib/action_controller/filters.rb:610:in `perform_action_without_benchmark'
    /usr/lib/ruby/gems/1.8/gems/actionpack-2.2.2/lib/action_controller/benchmarking.rb:68:in `perform_action_without_rescue'
    /usr/lib/ruby/1.8/benchmark.rb:293:in `measure'
    /usr/lib/ruby/gems/1.8/gems/actionpack-2.2.2/lib/action_controller/benchmarking.rb:68:in `perform_action_without_rescue'
    /usr/lib/ruby/gems/1.8/gems/actionpack-2.2.2/lib/action_controller/rescue.rb:136:in `perform_action_without_caching'
    /usr/lib/ruby/gems/1.8/gems/actionpack-2.2.2/lib/action_controller/caching/sql_cache.rb:13:in `perform_action'
    /usr/lib/ruby/gems/1.8/gems/activerecord-2.2.2/lib/active_record/connection_adapters/abstract/query_cache.rb:34:in `cache'
    /usr/lib/ruby/gems/1.8/gems/activerecord-2.2.2/lib/active_record/query_cache.rb:8:in `cache'
    /usr/lib/ruby/gems/1.8/gems/actionpack-2.2.2/lib/action_controller/caching/sql_cache.rb:12:in `perform_action'
    /usr/lib/ruby/gems/1.8/gems/actionpack-2.2.2/lib/action_controller/base.rb:524:in `send'
    /usr/lib/ruby/gems/1.8/gems/actionpack-2.2.2/lib/action_controller/base.rb:524:in `process_without_filters'
    /usr/lib/ruby/gems/1.8/gems/actionpack-2.2.2/lib/action_controller/filters.rb:606:in `process_without_session_management_support'
    /usr/lib/ruby/gems/1.8/gems/actionpack-2.2.2/lib/action_controller/session_management.rb:134:in `process'
    /usr/lib/ruby/gems/1.8/gems/actionpack-2.2.2/lib/action_controller/base.rb:392:in `process'
    /usr/lib/ruby/gems/1.8/gems/actionpack-2.2.2/lib/action_controller/dispatcher.rb:183:in `handle_request'
    /usr/lib/ruby/gems/1.8/gems/actionpack-2.2.2/lib/action_controller/dispatcher.rb:110:in `dispatch_unlocked'
    /usr/lib/ruby/gems/1.8/gems/actionpack-2.2.2/lib/action_controller/dispatcher.rb:123:in `dispatch'
    /usr/lib/ruby/gems/1.8/gems/actionpack-2.2.2/lib/action_controller/dispatcher.rb:122:in `synchronize'
    /usr/lib/ruby/gems/1.8/gems/actionpack-2.2.2/lib/action_controller/dispatcher.rb:122:in `dispatch'
    /usr/lib/ruby/gems/1.8/gems/actionpack-2.2.2/lib/action_controller/dispatcher.rb:132:in `dispatch_cgi'
    /usr/lib/ruby/gems/1.8/gems/actionpack-2.2.2/lib/action_controller/dispatcher.rb:39:in `dispatch'
    /usr/lib/ruby/gems/1.8/gems/rails-2.2.2/lib/webrick_server.rb:103:in `handle_dispatch'
    /usr/lib/ruby/gems/1.8/gems/rails-2.2.2/lib/webrick_server.rb:74:in `service'
    /usr/lib/ruby/1.8/webrick/httpserver.rb:104:in `service'
    /usr/lib/ruby/1.8/webrick/httpserver.rb:65:in `run'
    /usr/lib/ruby/1.8/webrick/server.rb:173:in `start_thread'
    /usr/lib/ruby/1.8/webrick/server.rb:162:in `start'
    /usr/lib/ruby/1.8/webrick/server.rb:162:in `start_thread'
    /usr/lib/ruby/1.8/webrick/server.rb:95:in `start'
    /usr/lib/ruby/1.8/webrick/server.rb:92:in `each'
    /usr/lib/ruby/1.8/webrick/server.rb:92:in `start'
    /usr/lib/ruby/1.8/webrick/server.rb:23:in `start'
    /usr/lib/ruby/1.8/webrick/server.rb:82:in `start'
    /usr/lib/ruby/gems/1.8/gems/rails-2.2.2/lib/webrick_server.rb:60:in `dispatch'
    /usr/lib/ruby/gems/1.8/gems/rails-2.2.2/lib/commands/servers/webrick.rb:66
    /usr/local/lib/site_ruby/1.8/rubygems/custom_require.rb:31:in `gem_original_require'
    /usr/local/lib/site_ruby/1.8/rubygems/custom_require.rb:31:in `require'
    /usr/lib/ruby/gems/1.8/gems/activesupport-2.2.2/lib/active_support/dependencies.rb:153:in `require'
    /usr/lib/ruby/gems/1.8/gems/activesupport-2.2.2/lib/active_support/dependencies.rb:521:in `new_constants_in'
    /usr/lib/ruby/gems/1.8/gems/activesupport-2.2.2/lib/active_support/dependencies.rb:153:in `require'
    /usr/lib/ruby/gems/1.8/gems/rails-2.2.2/lib/commands/server.rb:49
    /usr/local/lib/site_ruby/1.8/rubygems/custom_require.rb:31:in `gem_original_require'
    /usr/local/lib/site_ruby/1.8/rubygems/custom_require.rb:31:in `require'
    script/server:3

Rendered /usr/lib/ruby/gems/1.8/gems/actionpack-2.2.2/lib/action_controller/templates/rescues/_trace (60.6ms)
Rendered /usr/lib/ruby/gems/1.8/gems/actionpack-2.2.2/lib/action_controller/templates/rescues/_request_and_response (2.0ms)
Rendering /usr/lib/ruby/gems/1.8/gems/actionpack-2.2.2/lib/action_controller/templates/rescues/layout.erb (internal_server_error)


Processing JudgesController#index (for 127.0.0.1 at 2008-11-29 23:00:32) [GET]
  [4;35;1mJudge Load (1.5ms)[0m   [0mSELECT * FROM "judges" [0m
Rendering template within layouts/application
Rendering judges/index
Completed in 28ms (View: 16, DB: 1) | 200 OK [http://127.0.0.1/judges]


Processing JudgesController#index (for 127.0.0.1 at 2008-11-29 23:01:11) [GET]
  [4;36;1mJudge Load (1.2ms)[0m   [0;1mSELECT * FROM "judges" [0m
Rendering template within layouts/application
Rendering judges/index
Completed in 34ms (View: 22, DB: 1) | 200 OK [http://127.0.0.1/judges]


Processing JudgesController#index (for 127.0.0.1 at 2008-11-29 23:01:35) [GET]
  [4;35;1mJudge Load (1.2ms)[0m   [0mSELECT * FROM "judges" [0m
Rendering template within layouts/application
Rendering judges/index
Completed in 36ms (View: 22, DB: 1) | 200 OK [http://127.0.0.1/judges]


Processing JudgesController#edit (for 127.0.0.1 at 2008-11-29 23:01:45) [GET]
  Parameters: {"id"=>"2"}
  [4;36;1mJudge Load (0.7ms)[0m   [0;1mSELECT * FROM "judges" WHERE ("judges"."id" = 2) [0m
Rendering template within layouts/application
Rendering judges/edit
Rendered judges/_form (5.3ms)
Completed in 28ms (View: 15, DB: 1) | 200 OK [http://127.0.0.1/judges/2/edit]


Processing JudgesController#index (for 127.0.0.1 at 2008-11-29 23:02:02) [GET]
  [4;35;1mJudge Load (3.3ms)[0m   [0mSELECT * FROM "judges" [0m
Rendering template within layouts/application
Rendering judges/index
Completed in 33ms (View: 18, DB: 3) | 200 OK [http://127.0.0.1/judges]


Processing JudgesController#new (for 127.0.0.1 at 2008-11-29 23:02:04) [GET]
Rendering template within layouts/application
Rendering judges/new
Rendered judges/_form (4.6ms)
Completed in 25ms (View: 13, DB: 0) | 200 OK [http://127.0.0.1/judges/new]


Processing JudgesController#new (for 127.0.0.1 at 2008-11-29 23:02:24) [GET]
Rendering template within layouts/application
Rendering judges/new
Rendered judges/_form (5.7ms)
Completed in 132ms (View: 120, DB: 0) | 200 OK [http://127.0.0.1/judges/new]


Processing JudgesController#create (for 127.0.0.1 at 2008-11-29 23:02:26) [POST]
  Parameters: {"commit"=>"Submit", "authenticity_token"=>"37b7a86677e75b7520532653b1b934a43ac07f8f", "judge"=>{"name"=>"", "url"=>""}}
Rendering template within layouts/application
Rendering judges/new
Rendered judges/_form (4.0ms)
Completed in 38ms (View: 14, DB: 0) | 200 OK [http://127.0.0.1/judges]


Processing JudgesController#create (for 127.0.0.1 at 2008-11-29 23:09:40) [POST]
  Parameters: {"commit"=>"Submit", "authenticity_token"=>"37b7a86677e75b7520532653b1b934a43ac07f8f", "judge"=>{"name"=>"", "url"=>""}}
Rendering template within layouts/application
Rendering judges/new
Rendered judges/_form (4.1ms)
Completed in 35ms (View: 14, DB: 0) | 200 OK [http://127.0.0.1/judges]


Processing JudgesController#create (for 127.0.0.1 at 2008-11-29 23:10:02) [POST]
  Parameters: {"commit"=>"Submit", "authenticity_token"=>"37b7a86677e75b7520532653b1b934a43ac07f8f", "judge"=>{"name"=>"SPOJ", "url"=>"http://"}}
Rendering template within layouts/application
Rendering judges/new
Rendered judges/_form (7.0ms)
Completed in 31ms (View: 16, DB: 0) | 200 OK [http://127.0.0.1/judges]


Processing JudgesController#create (for 127.0.0.1 at 2008-11-29 23:10:19) [POST]
  Parameters: {"commit"=>"Submit", "authenticity_token"=>"37b7a86677e75b7520532653b1b934a43ac07f8f", "judge"=>{"name"=>"SPOJ", "url"=>"http://www.spoafdsdf.com"}}
  [4;36;1mJudge Create (0.4ms)[0m   [0;1mINSERT INTO "judges" ("name", "updated_at", "url", "created_at") VALUES('SPOJ', '2008-11-30 04:10:19', 'http://www.spoafdsdf.com', '2008-11-30 04:10:19')[0m
Redirected to #<Judge:0xb6fcda80>
Completed in 52ms (DB: 0) | 302 Found [http://127.0.0.1/judges]


Processing JudgesController#show (for 127.0.0.1 at 2008-11-29 23:10:19) [GET]
  Parameters: {"id"=>"3"}
  [4;35;1mJudge Load (0.7ms)[0m   [0mSELECT * FROM "judges" WHERE ("judges"."id" = 3) [0m
Rendering template within layouts/application
Rendering judges/show
Completed in 30ms (View: 15, DB: 1) | 200 OK [http://127.0.0.1/judges/3]


Processing JudgesController#edit (for 127.0.0.1 at 2008-11-29 23:10:43) [GET]
  Parameters: {"id"=>"3"}
  [4;36;1mJudge Load (0.9ms)[0m   [0;1mSELECT * FROM "judges" WHERE ("judges"."id" = 3) [0m
Rendering template within layouts/application
Rendering judges/edit
Rendered judges/_form (4.9ms)
Completed in 27ms (View: 14, DB: 1) | 200 OK [http://127.0.0.1/judges/3/edit]


Processing JudgesController#update (for 127.0.0.1 at 2008-11-29 23:10:48) [PUT]
  Parameters: {"commit"=>"Submit", "authenticity_token"=>"37b7a86677e75b7520532653b1b934a43ac07f8f", "id"=>"3", "judge"=>{"name"=>"SPOJ", "url"=>"http://www.spoj.pl/"}}
  [4;35;1mJudge Load (0.8ms)[0m   [0mSELECT * FROM "judges" WHERE ("judges"."id" = 3) [0m
  [4;36;1mJudge Update (0.5ms)[0m   [0;1mUPDATE "judges" SET "url" = 'http://www.spoj.pl/', "updated_at" = '2008-11-30 04:10:48' WHERE "id" = 3[0m
Redirected to #<Judge:0xb71d2efc>
Completed in 26ms (DB: 1) | 302 Found [http://127.0.0.1/judges/3]


Processing JudgesController#show (for 127.0.0.1 at 2008-11-29 23:10:48) [GET]
  Parameters: {"id"=>"3"}
  [4;35;1mJudge Load (0.7ms)[0m   [0mSELECT * FROM "judges" WHERE ("judges"."id" = 3) [0m
Rendering template within layouts/application
Rendering judges/show
Completed in 25ms (View: 11, DB: 1) | 200 OK [http://127.0.0.1/judges/3]


Processing JudgesController#index (for 127.0.0.1 at 2008-11-29 23:10:52) [GET]
  [4;36;1mJudge Load (1.4ms)[0m   [0;1mSELECT * FROM "judges" [0m
Rendering template within layouts/application
Rendering judges/index
Completed in 29ms (View: 18, DB: 1) | 200 OK [http://127.0.0.1/judges]
